Arguments: 
  /Users/tod-gentille/.nvm/versions/node/v14.17.0/bin/node /usr/local/Cellar/yarn/1.22.15/libexec/bin/yarn.js install

PATH: 
  /Users/tod-gentille/.nvm/versions/node/v14.17.0/bin:/Users/tod-gentille/dev/google-cloud-sdk/bin:/Users/tod-gentille/.nvm/versions/node/v14.17.0/bin:/usr/local/bin:/usr/bin:/bin:/usr/sbin:/sbin:/Library/Apple/usr/bin:/Users/tod-gentille/dev/google-cloud-sdk/bin:/Users/tod-gentille/.nvm/versions/node/v14.17.0/bin

Yarn version: 
  1.22.15

Node version: 
  14.17.0

Platform: 
  darwin x64

Trace: 
  Error: getaddrinfo ENOTFOUND repository.vnerd.com
      at GetAddrInfoReqWrap.onlookup [as oncomplete] (dns.js:67:26)

npm manifest: 
  {
    "name": "typescript-starter-kit",
    "version": "1.0.0",
    "engines": {
      "node": ">14.0.0"
    },
    "description": "Put your description here and change the name property",
    "main": "src/app.ts",
    "types": "build/app.d.ts",
    "files": [
      "build/**/*.ts",
      "build/**/*.js",
      "build/*.js",
      "ReadMe.md"
    ],
    "scripts": {
      "start": "ts-node $npm_package_main",
      "prebuild": " rimraf build/*",
      "build": "tsc",
      "postbuild": "",
      "test": "mocha ",
      "test:cov": "nyc mocha ",
      "test:unit": "npm --silent run test -- -- -g UNIT",
      "test:int": "npm run test -- -- -g INTEGRATION",
      "debug": "echo this is me"
    },
    "repository": {
      "type": "git",
      "url": "git@github.com:Rolias/ts-starter-kit.git"
    },
    "keywords": [
      "typescript",
      "starter-kit"
    ],
    "author": "Tod Gentille",
    "license": "GPL-3.0-or-later",
    "dependencies": {},
    "devDependencies": {
      "@istanbuljs/nyc-config-typescript": "^1.0.1",
      "@types/chai": "^4.2.21",
      "@types/mocha": "^9.0.0",
      "@types/node": "^16.7.10",
      "@types/sinon": "^10.0.2",
      "@types/sinon-chai": "^3.2.5",
      "@typescript-eslint/eslint-plugin": "^4.30.0",
      "@typescript-eslint/parser": "^4.30.0",
      "chai": "^4.3.4",
      "chai-as-promised": "^7.1.1",
      "eslint": "^7.32.0",
      "eslint-config-prettier": "^8.3.0",
      "eslint-plugin-prettier": "^4.0.0",
      "mocha": "^9.1.1",
      "npm-run-all": "^4.1.5",
      "nyc": "^15.1.0",
      "prettier": "^2.3.2",
      "rimraf": "^3.0.2",
      "sinon": "^11.1.2",
      "sinon-chai": "^3.7.0",
      "ts-node": "^10.2.1",
      "typescript": "^4.4.2"
    }
  }

yarn manifest: 
  No manifest

Lockfile: 
  No lockfile
